<?xml version="1.0" encoding="UTF-8"?>
<!-- Generated by org.testng.reporters.JUnitReportReporter -->
<testsuite skipped="0" hostname="Barabash-laptop" name="FillFormTest" tests="1" failures="0" timestamp="2021-08-06T01:30:10 EDT" time="10.313" errors="0">
  <testcase name="fillFormForStudentLoan" time="10.313" classname="FillFormTest"/>
  <system-out/>
</testsuite> <!-- FillFormTest -->
